<?xml version="1.0" encoding="UTF-8"?>
<!-- Generated by org.testng.reporters.JUnitXMLReporter -->
<testsuite ignored="0" hostname="hannah" failures="0" tests="5" name="Default test" time="83.471" errors="0" timestamp="2022-02-24T04:16:35 SGT">
  <testcase classname="jcommerce.JcommerceTest" name="checkTitle" time="0.148"/>
  <testcase classname="jcommerce.JcommerceTest" name="submitDescription" time="20.28"/>
  <testcase classname="jcommerce.JcommerceTest" name="submitImage" time="20.368"/>
  <testcase classname="jcommerce.JcommerceTest" name="submitName" time="20.749"/>
  <testcase classname="jcommerce.JcommerceTest" name="submitPrice" time="20.36"/>
</testsuite> <!-- Default test -->
