<?xml version="1.0" encoding="UTF-8"?>
<!-- Generated by org.testng.reporters.JUnitXMLReporter -->
<testsuite ignored="0" hostname="hannah" failures="0" tests="5" name="JcommerceTest" time="84.44" errors="0" timestamp="2022-02-24T05:54:31 SGT">
  <testcase classname="jcommerce.JcommerceTest" name="checkTitle" time="1.066"/>
  <testcase classname="jcommerce.JcommerceTest" name="submitDescription" time="20.439"/>
  <testcase classname="jcommerce.JcommerceTest" name="submitImage" time="20.368"/>
  <testcase classname="jcommerce.JcommerceTest" name="submitName" time="20.458"/>
  <testcase classname="jcommerce.JcommerceTest" name="submitPrice" time="20.413"/>
</testsuite> <!-- JcommerceTest -->
